Guard0 17,15
Guard1 19,15
671,575
BoundingBoxesBBox|87,40
BBox|214,-221
BBox|1252,364
BBox|1307,-130
BBox|1682,227
BBox|1418,-126
BBox|1252,190
BBox|-392,-36
outterRim

WayPoint|3,15
WayPoint|5,14
WayPoint|5,1
WayPoint|6,1
WayPoint|6,3
WayPoint|15,3
WayPoint|15,1
WayPoint|15,3
WayPoint|19,5
WayPoint|19,15
WayPoint|39,9
WayPoint|39,12


WayPoint|7,15
WayPoint|3,15
WayPoint|3,13
WayPoint|5,13
WayPoint|5,1
WayPoint|7,1
WayPoint|7,3
WayPoint|12,4
WayPoint|16,2
WayPoint|19,6
WayPoint|19,15
WayPoint|6,-6



WayPoint|19,15
WayPoint|3,15
WayPoint|3,12
WayPoint|6,14
WayPoint|4,1
WayPoint|6,1
WayPoint|7,4
WayPoint|13,3
WayPoint|19,6
WayPoint|20,8
WayPoint|39,10
WayPoint|24,0



BBoxes
BBox|3,122
BBox|31,125
BBox|64,122
BBox|124,127
BBox|122,31
BBox|128,253
BBox|121,288
BBox|126,319
BBox|4,315
BBox|126,317
bboxredo
BBox|3,122
BBox|31,125
BBox|64,122
BBox|124,127
BBox|126,319
BBox|4,313
BBox|4,315
BBox|126,317
lowercorner
BBox|90,352
BBox|96,509
BBox|96,513
BBox|286,517
BBox|320,512
BBox|448,517
BBox|345,514
BBox|352,569
BBox|480,511
BBox|573,517
BBox|568,511
BBox|574,571
Right side
BBox|608,512
BBox|612,571
BBox|512,32
BBox|518,61
BBox|512,59
BBox|575,64
BBox|577,64
BBox|581,122
BBox|576,120
BBox|639,128

BBox|512,32
BBox|518,61
BBox|512,59
BBox|575,64
BBox|576,64
BBox|581,122
BBox|576,120
BBox|639,128
BBox|579,122
top
BBox|257,4
BBox|261,93
BBox|258,89
BBox|318,94
BBox|353,90
BBox|447,94
BBox|447,94
BBox|441,1
Log(Middle
BBox|224,159
BBox|255,165
BBox|287,159
BBox|474,164
BBox|473,164
BBox|479,228
BBox|479,228
BBox|385,223
BBox|385,223
BBox|377,162
BBox|384,224
BBox|387,380
BBox|388,380
BBox|229,376
BBox|225,255
BBox|231,443
BBox|229,221
BBox|224,160
BBox|288,441
BBox|510,446
BBox|448,442
BBox|443,352
BBox|385,417
BBox|391,440
BBox|224,441
BBox|255,447
LastRightSide
BBox|512,160
BBox|541,164
BBox|537,163
BBox|542,287
BBox|602,292
BBox|480,287
BBox|543,255
BBox|604,261
BBox|600,261
BBox|607,413
BBox|607,413
BBox|576,410
BBox|570,415
BBox|575,445
BBox|575,445
BBox|544,441
BBox|480,351
BBox|602,357
border
BBox|0,0
BBox|669,6
BBox|665,6
BBox|672,575
BBox|613,570
BBox|575,575
BBox|5,569
BBox|0,0
BBox|673,576
BBox|609,567
BBox|575,574
BBox|2,569

BBox|319,286
BBox|679,11
BBox|682,14
BBox|640,62
BBox|684,39
BBox|702,63
BBox|1698,295
BBox|2019,348
BBox|1251,127
693,572
Treasure|728,531
Treasure|368,51
Treasure|368,26
Treasure|337,19
Treasure|337,48
Treasure|305,48
Treasure|301,22
Treasure|280,22
Treasure|280,48
Treasure|22,16
Treasure|8,0
Treasure|8,1
Treasure|9,1
Treasure|9,0
Treasure|10,0
Treasure|10,1
Treasure|11,1
Treasure|11,0
Treasure|22,16
Treasure|22,16
Treasure|8,2
Treasure|9,2
Treasure|10,2
Treasure|11,2
Treasure|12,2
Treasure|13,2
Treasure|22,16
Treasure|23,17
Treasure|23,17
Player|20,17
Treasure|7,5
Treasure|8,5
Treasure|9,5
Treasure|10,5
Treasure|11,5
Treasure|12,5
Treasure|13,5
Treasure|14,5
Treasure|14,6
Treasure|13,6
Treasure|12,6
Treasure|11,6
Treasure|10,6
Treasure|9,6
Treasure|8,6
Treasure|7,6
Treasure|7,7
Treasure|8,7
Treasure|9,7
Treasure|10,7
Treasure|11,7
Treasure|12,7
Treasure|13,7
Treasure|14,7
Treasure|14,8
Treasure|13,8
Treasure|12,8
Treasure|11,8
Treasure|10,8
Treasure|9,8
Treasure|8,8
Treasure|7,8
Treasure|7,9
Treasure|8,9
Treasure|9,9
Treasure|10,9
Treasure|11,9
Treasure|12,9
Treasure|13,9
Treasure|14,9
Treasure|14,10
Treasure|13,10
Treasure|11,10
Treasure|10,10
Treasure|9,10
Treasure|8,10
Treasure|7,10
Guard|3,16
Guard|16,11
Guard|11,3
Guard|1,1
Guard|12,10
OuterRing
BBox|0,0
BBox|669,2
BBox|669,2
BBox|673,316
BBox|670,321
BBox|608,317
BBox|574,351
BBox|670,354
BBox|668,354
BBox|671,574
BBox|671,574
BBox|3,573
BBox|3,572
BBox|0,480
BBox|3,446
BBox|0,0
BottomRight
BBox|573,192
BBox|576,415
BBox|608,447
BBox|669,450
BBox|513,448
BBox|575,451
BBox|513,448
BBox|515,510
BBox|512,544
BBox|514,567
BBox|448,570
BBox|445,480
BBox|448,446
BBox|445,417
BBox|447,417
BBox|256,415
BBox|223,418
BBox|192,415
BBox|192,415
BBox|194,478
BBox|191,511
BBox|194,569
BBox|258,510
BBox|256,479
BBox|256,479
BBox|350,483
BBox|317,481
BBox|323,510
leftSide
BBox|96,509
BBox|128,511
BBox|128,511
BBox|124,385
BBox|126,386
BBox|96,383
BBox|127,351
BBox|97,348
BBox|99,350
BBox|96,320
BBox|35,317
BBox|32,287
BBox|32,287
BBox|63,290
BBox|0,479
BBox|64,481
BBox|1,444
BBox|64,448
BBox|2,380
BBox|32,414
BBox|4,221
BBox|160,223
BBox|160,223
BBox|157,160
BBox|96,125
BBox|160,127
BBox|160,127
BBox|156,65
BBox|159,67
BBox|96,62
BBox|98,64
BBox|96,32
BBox|159,93
BBox|255,96
BBox|288,92
BBox|320,96
BBox|320,96
BBox|317,2
topLeft
Topright
BBox|480,3
BBox|483,31
BBox|544,64
BBox|574,66
BBox|572,66
BBox|578,126
BBox|576,124
BBox|607,128
BBox|480,63
BBox|482,223
TreasureRoom
BBox|224,158
BBox|256,162
BBox|289,158
BBox|479,162
TreasureRoom
BBox|224,160
BBox|255,162
BBox|224,160
BBox|227,287
BBox|224,319
BBox|227,349
BBox|224,349
BBox|351,352
BBox|384,349
BBox|480,351
BBox|480,351
BBox|477,255
BBox|316,224
BBox|320,253
BBox|317,253
BBox|383,256
BBox|381,253
BBox|384,286
BBox|288,159
BBox|479,163
WayPoint|1,1
WayPoint|11,3
WayPoint|19,1
WayPoint|19,8
WayPoint|16,3
WayPoint|16,12
WayPoint|18,16
WayPoint|11,15
WayPoint|11,11
WayPoint|5,11
WayPoint|3,16
WayPoint|2,7
WayPoint|6,4
WayPoint|1,4


WayPoint|1,1
WayPoint|3,16
WayPoint|16,11
WayPoint|11,3
GuardEntry|20,10
GuardEntry|0,14
GuardEntry|23,17
